<?xml version="1.0" encoding="UTF-8"?>
<!-- Generated by org.testng.reporters.JUnitReportReporter -->
<testsuite hostname="SHOAS" failures="0" tests="1" name="com.demoBlazeTest.TestRunner.TestRunner_Class" time="19.166" errors="0" timestamp="2024-03-10T18:24:03 CDT" skipped="0">
  <testcase classname="com.demoBlazeTest.TestRunner.TestRunner_Class" name="feature" time="19.166"/>
  <system-out/>
</testsuite> <!-- com.demoBlazeTest.TestRunner.TestRunner_Class -->
