<?xml version="1.0" encoding="UTF-8"?>
<!-- Generated by org.testng.reporters.JUnitReportReporter -->
<testsuite hostname="SHOAS" failures="0" tests="1" name="com.demoBlazeTest.TestRunner.TestRunner_Class" time="19.521" errors="0" timestamp="2023-11-15T21:16:29 CST" skipped="0">
  <testcase classname="com.demoBlazeTest.TestRunner.TestRunner_Class" name="feature" time="19.521"/>
  <system-out/>
</testsuite> <!-- com.demoBlazeTest.TestRunner.TestRunner_Class -->
