<?xml version="1.0" encoding="UTF-8"?>
<!-- Generated by org.testng.reporters.JUnitReportReporter -->
<testsuite hostname="SHOAS" failures="0" tests="2" name="com.demoBlazeTest.TestRunner.TestRunner_Class" time="23.923" errors="0" timestamp="2023-02-14T13:19:42 CST" skipped="0">
  <testcase classname="com.demoBlazeTest.TestRunner.TestRunner_Class" name="feature" time="20.257"/>
  <system-out/>
  <testcase classname="com.demoBlazeTest.TestRunner.TestRunner_Class" name="feature" time="3.666"/>
  <system-out/>
</testsuite> <!-- com.demoBlazeTest.TestRunner.TestRunner_Class -->
