<?xml version="1.0" encoding="UTF-8"?>
<!-- Generated by org.testng.reporters.JUnitReportReporter -->
<testsuite skipped="0" hostname="DESKTOP-3ROKAB7" name="com.demoBlazeTest.TestRunner.TestRunner_Class" tests="1" failures="0" timestamp="2022-08-11T10:22:06 CDT" time="5.985" errors="0">
  <testcase name="feature" time="5.985" classname="com.demoBlazeTest.TestRunner.TestRunner_Class"/>
  <system-out/>
</testsuite> <!-- com.demoBlazeTest.TestRunner.TestRunner_Class -->
