<?xml version="1.0" encoding="UTF-8"?>
<!-- Generated by org.testng.reporters.JUnitReportReporter -->
<testsuite hostname="SHOAS" failures="0" tests="1" name="PasswordEncrypt.encrypt" time="0.008" errors="0" timestamp="2023-09-06T12:17:22 CDT" skipped="0">
  <testcase classname="PasswordEncrypt.encrypt" name="dhaka" time="0.008"/>
  <system-out/>
</testsuite> <!-- PasswordEncrypt.encrypt -->
