<?xml version="1.0" encoding="UTF-8"?>
<!-- Generated by org.testng.reporters.JUnitReportReporter -->
<testsuite hostname="SHOAS" failures="0" tests="1" name="com.demoBlazeTest.TestRunner.TestRunner_Class" time="5.069" errors="0" timestamp="2022-11-21T21:13:33 CST" skipped="0">
  <testcase classname="com.demoBlazeTest.TestRunner.TestRunner_Class" name="feature" time="5.069"/>
  <system-out/>
</testsuite> <!-- com.demoBlazeTest.TestRunner.TestRunner_Class -->
